<?xml version="1.0" encoding="UTF-8"?>
<testng-results ignored="0" total="1" passed="1" failed="0" skipped="0">
  <reporter-output>
  </reporter-output>
  <suite started-at="2024-01-22T16:48:26 IST" name="Default suite" finished-at="2024-01-22T16:48:46 IST" duration-ms="20022">
    <groups>
    </groups>
    <test started-at="2024-01-22T16:48:26 IST" name="Default test" finished-at="2024-01-22T16:48:46 IST" duration-ms="20022">
      <class name="shopcluesproject.Shopcluestest">
        <test-method is-config="true" signature="setup()[pri:0, instance:shopcluesproject.Shopcluestest@27f981c6]" started-at="2024-01-22T16:48:26 IST" name="setup" finished-at="2024-01-22T16:48:36 IST" duration-ms="10421" status="PASS">
          <reporter-output>
          </reporter-output>
        </test-method> <!-- setup -->
        <test-method signature="test()[pri:0, instance:shopcluesproject.Shopcluestest@27f981c6]" started-at="2024-01-22T16:48:36 IST" name="test" finished-at="2024-01-22T16:48:46 IST" duration-ms="9522" status="PASS">
          <reporter-output>
          </reporter-output>
        </test-method> <!-- test -->
      </class> <!-- shopcluesproject.Shopcluestest -->
    </test> <!-- Default test -->
  </suite> <!-- Default suite -->
</testng-results>
